<?xml version="1.0" encoding="UTF-8"?>
<testng-results skipped="0" failed="0" ignored="0" total="1" passed="1">
  <reporter-output>
  </reporter-output>
  <suite name="Default suite" duration-ms="3509" started-at="2020-10-06T23:58:15 EDT" finished-at="2020-10-06T23:58:18 EDT">
    <groups>
    </groups>
    <test name="Default test" duration-ms="3509" started-at="2020-10-06T23:58:15 EDT" finished-at="2020-10-06T23:58:18 EDT">
      <class name="TC02PostRequest">
        <test-method status="PASS" signature="PostRequest()[pri:0, instance:TC02PostRequest@1f554b06]" name="PostRequest" duration-ms="3450" started-at="2020-10-06T23:58:15 EDT" finished-at="2020-10-06T23:58:18 EDT">
          <reporter-output>
          </reporter-output>
        </test-method> <!-- PostRequest -->
      </class> <!-- TC02PostRequest -->
    </test> <!-- Default test -->
  </suite> <!-- Default suite -->
</testng-results>
